[2022-01-14 00:17:25] prodcution.ERROR: Invalid API Key provided: sk_test_***********XXXX {"userId":6,"exception":"[object] (Stripe\\Exception\\AuthenticationException(code: 0): Invalid API Key provided: sk_test_***********XXXX at C:\\Users\\pc\\Documents\\Laravel[WORKSPACE]\
imopay\\vendor\\stripe\\stripe-php\\lib\\Exception\\ApiErrorException.php:38)
[stacktrace]
#0 C:\\Users\\pc\\Documents\\Laravel[WORKSPACE]\
imopay\\vendor\\stripe\\stripe-php\\lib\\ApiRequestor.php(189): Stripe\\Exception\\ApiErrorException::factory('Invalid API Key...', 401, '{\
  \"error\": {\
...', Array, Object(Stripe\\Util\\CaseInsensitiveArray), NULL)
#1 C:\\Users\\pc\\Documents\\Laravel[WORKSPACE]\
imopay\\vendor\\stripe\\stripe-php\\lib\\ApiRequestor.php(149): Stripe\\ApiRequestor::_specificAPIError('{\
  \"error\": {\
...', 401, Object(Stripe\\Util\\CaseInsensitiveArray), Array, Array)
#2 C:\\Users\\pc\\Documents\\Laravel[WORKSPACE]\
imopay\\vendor\\stripe\\stripe-php\\lib\\ApiRequestor.php(440): Stripe\\ApiRequestor->handleErrorResponse('{\
  \"error\": {\
...', 401, Object(Stripe\\Util\\CaseInsensitiveArray), Array)
#3 C:\\Users\\pc\\Documents\\Laravel[WORKSPACE]\
imopay\\vendor\\stripe\\stripe-php\\lib\\ApiRequestor.php(118): Stripe\\ApiRequestor->_interpretResponse('{\
  \"error\": {\
...', 401, Object(Stripe\\Util\\CaseInsensitiveArray))
#4 C:\\Users\\pc\\Documents\\Laravel[WORKSPACE]\
imopay\\vendor\\stripe\\stripe-php\\lib\\ApiOperations\\Request.php(63): Stripe\\ApiRequestor->request('post', '/v1/accounts', Array, Array)
#5 C:\\Users\\pc\\Documents\\Laravel[WORKSPACE]\
imopay\\vendor\\stripe\\stripe-php\\lib\\ApiOperations\\Create.php(25): Stripe\\ApiResource::_staticRequest('post', '/v1/accounts', Array, NULL)
#6 C:\\Users\\pc\\Documents\\Laravel[WORKSPACE]\
imopay\\app\\Http\\Controllers\\FinanceController.php(269): Stripe\\Account::create(Array)
#7 [internal function]: App\\Http\\Controllers\\FinanceController->connect()
#8 C:\\Users\\pc\\Documents\\Laravel[WORKSPACE]\
imopay\\vendor\\laravel\\framework\\src\\Illuminate\\Routing\\Controller.php(54): call_user_func_array(Array, Array)
#9 C:\\Users\\pc\\Documents\\Laravel[WORKSPACE]\
imopay\\vendor\\laravel\\framework\\src\\Illuminate\\Routing\\ControllerDispatcher.php(45): Illuminate\\Routing\\Controller->callAction('connect', Array)
#10 C:\\Users\\pc\\Documents\\Laravel[WORKSPACE]\
imopay\\vendor\\laravel\\framework\\src\\Illuminate\\Routing\\Route.php(219): Illuminate\\Routing\\ControllerDispatcher->dispatch(Object(Illuminate\\Routing\\Route), Object(App\\Http\\Controllers\\FinanceController), 'connect')
#11 C:\\Users\\pc\\Documents\\Laravel[WORKSPACE]\
imopay\\vendor\\laravel\\framework\\src\\Illuminate\\Routing\\Route.php(176): Illuminate\\Routing\\Route->runController()
#12 C:\\Users\\pc\\Documents\\Laravel[WORKSPACE]\
imopay\\vendor\\laravel\\framework\\src\\Illuminate\\Routing\\Router.php(680): Illuminate\\Routing\\Route->run()
#13 C:\\Users\\pc\\Documents\\Laravel[WORKSPACE]\
imopay\\vendor\\laravel\\framework\\src\\Illuminate\\Routing\\Pipeline.php(30): Illuminate\\Routing\\Router->Illuminate\\Routing\\{closure}(Object(Illuminate\\Http\\Request))
#14 C:\\Users\\pc\\Documents\\Laravel[WORKSPACE]\
imopay\\vendor\\laravel\\framework\\src\\Illuminate\\Routing\\Middleware\\SubstituteBindings.php(41): Illuminate\\Routing\\Pipeline->Illuminate\\Routing\\{closure}(Object(Illuminate\\Http\\Request))
#15 C:\\Users\\pc\\Documents\\Laravel[WORKSPACE]\
imopay\\vendor\\laravel\\framework\\src\\Illuminate\\Pipeline\\Pipeline.php(163): Illuminate\\Routing\\Middleware\\SubstituteBindings->handle(Object(Illuminate\\Http\\Request), Object(Closure))
#16 C:\\Users\\pc\\Documents\\Laravel[WORKSPACE]\
imopay\\vendor\\laravel\\framework\\src\\Illuminate\\Routing\\Pipeline.php(53): Illuminate\\Pipeline\\Pipeline->Illuminate\\Pipeline\\{closure}(Object(Illuminate\\Http\\Request))
#17 C:\\Users\\pc\\Documents\\Laravel[WORKSPACE]\
imopay\\vendor\\laravel\\framework\\src\\Illuminate\\Auth\\Middleware\\Authenticate.php(43): Illuminate\\Routing\\Pipeline->Illuminate\\Routing\\{closure}(Object(Illuminate\\Http\\Request))
#18 C:\\Users\\pc\\Documents\\Laravel[WORKSPACE]\
imopay\\vendor\\laravel\\framework\\src\\Illuminate\\Pipeline\\Pipeline.php(163): Illuminate\\Auth\\Middleware\\Authenticate->handle(Object(Illuminate\\Http\\Request), Object(Closure))
#19 C:\\Users\\pc\\Documents\\Laravel[WORKSPACE]\
imopay\\vendor\\laravel\\framework\\src\\Illuminate\\Routing\\Pipeline.php(53): Illuminate\\Pipeline\\Pipeline->Illuminate\\Pipeline\\{closure}(Object(Illuminate\\Http\\Request))
#20 C:\\Users\\pc\\Documents\\Laravel[WORKSPACE]\
imopay\\vendor\\laravel\\framework\\src\\Illuminate\\Foundation\\Http\\Middleware\\VerifyCsrfToken.php(75): Illuminate\\Routing\\Pipeline->Illuminate\\Routing\\{closure}(Object(Illuminate\\Http\\Request))
#21 C:\\Users\\pc\\Documents\\Laravel[WORKSPACE]\
imopay\\vendor\\laravel\\framework\\src\\Illuminate\\Pipeline\\Pipeline.php(163): Illuminate\\Foundation\\Http\\Middleware\\VerifyCsrfToken->handle(Object(Illuminate\\Http\\Request), Object(Closure))
#22 C:\\Users\\pc\\Documents\\Laravel[WORKSPACE]\
imopay\\vendor\\laravel\\framework\\src\\Illuminate\\Routing\\Pipeline.php(53): Illuminate\\Pipeline\\Pipeline->Illuminate\\Pipeline\\{closure}(Object(Illuminate\\Http\\Request))
#23 C:\\Users\\pc\\Documents\\Laravel[WORKSPACE]\
imopay\\vendor\\laravel\\framework\\src\\Illuminate\\View\\Middleware\\ShareErrorsFromSession.php(49): Illuminate\\Routing\\Pipeline->Illuminate\\Routing\\{closure}(Object(Illuminate\\Http\\Request))
#24 C:\\Users\\pc\\Documents\\Laravel[WORKSPACE]\
imopay\\vendor\\laravel\\framework\\src\\Illuminate\\Pipeline\\Pipeline.php(163): Illuminate\\View\\Middleware\\ShareErrorsFromSession->handle(Object(Illuminate\\Http\\Request), Object(Closure))
#25 C:\\Users\\pc\\Documents\\Laravel[WORKSPACE]\
imopay\\vendor\\laravel\\framework\\src\\Illuminate\\Routing\\Pipeline.php(53): Illuminate\\Pipeline\\Pipeline->Illuminate\\Pipeline\\{closure}(Object(Illuminate\\Http\\Request))
#26 C:\\Users\\pc\\Documents\\Laravel[WORKSPACE]\
imopay\\app\\Http\\Middleware\\Language.php(31): Illuminate\\Routing\\Pipeline->Illuminate\\Routing\\{closure}(Object(Illuminate\\Http\\Request))
#27 C:\\Users\\pc\\Documents\\Laravel[WORKSPACE]\
imopay\\vendor\\laravel\\framework\\src\\Illuminate\\Pipeline\\Pipeline.php(163): App\\Http\\Middleware\\Language->handle(Object(Illuminate\\Http\\Request), Object(Closure))
#28 C:\\Users\\pc\\Documents\\Laravel[WORKSPACE]\
imopay\\vendor\\laravel\\framework\\src\\Illuminate\\Routing\\Pipeline.php(53): Illuminate\\Pipeline\\Pipeline->Illuminate\\Pipeline\\{closure}(Object(Illuminate\\Http\\Request))
#29 C:\\Users\\pc\\Documents\\Laravel[WORKSPACE]\
imopay\\vendor\\laravel\\framework\\src\\Illuminate\\Session\\Middleware\\StartSession.php(56): Illuminate\\Routing\\Pipeline->Illuminate\\Routing\\{closure}(Object(Illuminate\\Http\\Request))
#30 C:\\Users\\pc\\Documents\\Laravel[WORKSPACE]\
imopay\\vendor\\laravel\\framework\\src\\Illuminate\\Pipeline\\Pipeline.php(163): Illuminate\\Session\\Middleware\\StartSession->handle(Object(Illuminate\\Http\\Request), Object(Closure))
#31 C:\\Users\\pc\\Documents\\Laravel[WORKSPACE]\
imopay\\vendor\\laravel\\framework\\src\\Illuminate\\Routing\\Pipeline.php(53): Illuminate\\Pipeline\\Pipeline->Illuminate\\Pipeline\\{closure}(Object(Illuminate\\Http\\Request))
#32 C:\\Users\\pc\\Documents\\Laravel[WORKSPACE]\
imopay\\vendor\\laravel\\framework\\src\\Illuminate\\Cookie\\Middleware\\AddQueuedCookiesToResponse.php(37): Illuminate\\Routing\\Pipeline->Illuminate\\Routing\\{closure}(Object(Illuminate\\Http\\Request))
#33 C:\\Users\\pc\\Documents\\Laravel[WORKSPACE]\
imopay\\vendor\\laravel\\framework\\src\\Illuminate\\Pipeline\\Pipeline.php(163): Illuminate\\Cookie\\Middleware\\AddQueuedCookiesToResponse->handle(Object(Illuminate\\Http\\Request), Object(Closure))
#34 C:\\Users\\pc\\Documents\\Laravel[WORKSPACE]\
imopay\\vendor\\laravel\\framework\\src\\Illuminate\\Routing\\Pipeline.php(53): Illuminate\\Pipeline\\Pipeline->Illuminate\\Pipeline\\{closure}(Object(Illuminate\\Http\\Request))
#35 C:\\Users\\pc\\Documents\\Laravel[WORKSPACE]\
imopay\\vendor\\laravel\\framework\\src\\Illuminate\\Cookie\\Middleware\\EncryptCookies.php(66): Illuminate\\Routing\\Pipeline->Illuminate\\Routing\\{closure}(Object(Illuminate\\Http\\Request))
#36 C:\\Users\\pc\\Documents\\Laravel[WORKSPACE]\
imopay\\vendor\\laravel\\framework\\src\\Illuminate\\Pipeline\\Pipeline.php(163): Illuminate\\Cookie\\Middleware\\EncryptCookies->handle(Object(Illuminate\\Http\\Request), Object(Closure))
#37 C:\\Users\\pc\\Documents\\Laravel[WORKSPACE]\
imopay\\vendor\\laravel\\framework\\src\\Illuminate\\Routing\\Pipeline.php(53): Illuminate\\Pipeline\\Pipeline->Illuminate\\Pipeline\\{closure}(Object(Illuminate\\Http\\Request))
#38 C:\\Users\\pc\\Documents\\Laravel[WORKSPACE]\
imopay\\vendor\\laravel\\framework\\src\\Illuminate\\Pipeline\\Pipeline.php(104): Illuminate\\Routing\\Pipeline->Illuminate\\Routing\\{closure}(Object(Illuminate\\Http\\Request))
#39 C:\\Users\\pc\\Documents\\Laravel[WORKSPACE]\
imopay\\vendor\\laravel\\framework\\src\\Illuminate\\Routing\\Router.php(682): Illuminate\\Pipeline\\Pipeline->then(Object(Closure))
#40 C:\\Users\\pc\\Documents\\Laravel[WORKSPACE]\
imopay\\vendor\\laravel\\framework\\src\\Illuminate\\Routing\\Router.php(657): Illuminate\\Routing\\Router->runRouteWithinStack(Object(Illuminate\\Routing\\Route), Object(Illuminate\\Http\\Request))
#41 C:\\Users\\pc\\Documents\\Laravel[WORKSPACE]\
imopay\\vendor\\laravel\\framework\\src\\Illuminate\\Routing\\Router.php(623): Illuminate\\Routing\\Router->runRoute(Object(Illuminate\\Http\\Request), Object(Illuminate\\Routing\\Route))
#42 C:\\Users\\pc\\Documents\\Laravel[WORKSPACE]\
imopay\\vendor\\laravel\\framework\\src\\Illuminate\\Routing\\Router.php(612): Illuminate\\Routing\\Router->dispatchToRoute(Object(Illuminate\\Http\\Request))
#43 C:\\Users\\pc\\Documents\\Laravel[WORKSPACE]\
imopay\\vendor\\laravel\\framework\\src\\Illuminate\\Foundation\\Http\\Kernel.php(176): Illuminate\\Routing\\Router->dispatch(Object(Illuminate\\Http\\Request))
#44 C:\\Users\\pc\\Documents\\Laravel[WORKSPACE]\
imopay\\vendor\\laravel\\framework\\src\\Illuminate\\Routing\\Pipeline.php(30): Illuminate\\Foundation\\Http\\Kernel->Illuminate\\Foundation\\Http\\{closure}(Object(Illuminate\\Http\\Request))
#45 C:\\Users\\pc\\Documents\\Laravel[WORKSPACE]\
imopay\\vendor\\barryvdh\\laravel-debugbar\\src\\Middleware\\InjectDebugbar.php(65): Illuminate\\Routing\\Pipeline->Illuminate\\Routing\\{closure}(Object(Illuminate\\Http\\Request))
#46 C:\\Users\\pc\\Documents\\Laravel[WORKSPACE]\
imopay\\vendor\\laravel\\framework\\src\\Illuminate\\Pipeline\\Pipeline.php(163): Barryvdh\\Debugbar\\Middleware\\InjectDebugbar->handle(Object(Illuminate\\Http\\Request), Object(Closure))
#47 C:\\Users\\pc\\Documents\\Laravel[WORKSPACE]\
imopay\\vendor\\laravel\\framework\\src\\Illuminate\\Routing\\Pipeline.php(53): Illuminate\\Pipeline\\Pipeline->Illuminate\\Pipeline\\{closure}(Object(Illuminate\\Http\\Request))
#48 C:\\Users\\pc\\Documents\\Laravel[WORKSPACE]\
imopay\\vendor\\laravel\\framework\\src\\Illuminate\\Foundation\\Http\\Middleware\\TransformsRequest.php(21): Illuminate\\Routing\\Pipeline->Illuminate\\Routing\\{closure}(Object(Illuminate\\Http\\Request))
#49 C:\\Users\\pc\\Documents\\Laravel[WORKSPACE]\
imopay\\vendor\\laravel\\framework\\src\\Illuminate\\Pipeline\\Pipeline.php(163): Illuminate\\Foundation\\Http\\Middleware\\TransformsRequest->handle(Object(Illuminate\\Http\\Request), Object(Closure))
#50 C:\\Users\\pc\\Documents\\Laravel[WORKSPACE]\
imopay\\vendor\\laravel\\framework\\src\\Illuminate\\Routing\\Pipeline.php(53): Illuminate\\Pipeline\\Pipeline->Illuminate\\Pipeline\\{closure}(Object(Illuminate\\Http\\Request))
#51 C:\\Users\\pc\\Documents\\Laravel[WORKSPACE]\
imopay\\vendor\\laravel\\framework\\src\\Illuminate\\Foundation\\Http\\Middleware\\TransformsRequest.php(21): Illuminate\\Routing\\Pipeline->Illuminate\\Routing\\{closure}(Object(Illuminate\\Http\\Request))
#52 C:\\Users\\pc\\Documents\\Laravel[WORKSPACE]\
imopay\\vendor\\laravel\\framework\\src\\Illuminate\\Pipeline\\Pipeline.php(163): Illuminate\\Foundation\\Http\\Middleware\\TransformsRequest->handle(Object(Illuminate\\Http\\Request), Object(Closure))
#53 C:\\Users\\pc\\Documents\\Laravel[WORKSPACE]\
imopay\\vendor\\laravel\\framework\\src\\Illuminate\\Routing\\Pipeline.php(53): Illuminate\\Pipeline\\Pipeline->Illuminate\\Pipeline\\{closure}(Object(Illuminate\\Http\\Request))
#54 C:\\Users\\pc\\Documents\\Laravel[WORKSPACE]\
imopay\\vendor\\laravel\\framework\\src\\Illuminate\\Foundation\\Http\\Middleware\\ValidatePostSize.php(27): Illuminate\\Routing\\Pipeline->Illuminate\\Routing\\{closure}(Object(Illuminate\\Http\\Request))
#55 C:\\Users\\pc\\Documents\\Laravel[WORKSPACE]\
imopay\\vendor\\laravel\\framework\\src\\Illuminate\\Pipeline\\Pipeline.php(163): Illuminate\\Foundation\\Http\\Middleware\\ValidatePostSize->handle(Object(Illuminate\\Http\\Request), Object(Closure))
#56 C:\\Users\\pc\\Documents\\Laravel[WORKSPACE]\
imopay\\vendor\\laravel\\framework\\src\\Illuminate\\Routing\\Pipeline.php(53): Illuminate\\Pipeline\\Pipeline->Illuminate\\Pipeline\\{closure}(Object(Illuminate\\Http\\Request))
#57 C:\\Users\\pc\\Documents\\Laravel[WORKSPACE]\
imopay\\vendor\\laravel\\framework\\src\\Illuminate\\Foundation\\Http\\Middleware\\CheckForMaintenanceMode.php(62): Illuminate\\Routing\\Pipeline->Illuminate\\Routing\\{closure}(Object(Illuminate\\Http\\Request))
#58 C:\\Users\\pc\\Documents\\Laravel[WORKSPACE]\
imopay\\vendor\\laravel\\framework\\src\\Illuminate\\Pipeline\\Pipeline.php(163): Illuminate\\Foundation\\Http\\Middleware\\CheckForMaintenanceMode->handle(Object(Illuminate\\Http\\Request), Object(Closure))
#59 C:\\Users\\pc\\Documents\\Laravel[WORKSPACE]\
imopay\\vendor\\laravel\\framework\\src\\Illuminate\\Routing\\Pipeline.php(53): Illuminate\\Pipeline\\Pipeline->Illuminate\\Pipeline\\{closure}(Object(Illuminate\\Http\\Request))
#60 C:\\Users\\pc\\Documents\\Laravel[WORKSPACE]\
imopay\\vendor\\fideloper\\proxy\\src\\TrustProxies.php(57): Illuminate\\Routing\\Pipeline->Illuminate\\Routing\\{closure}(Object(Illuminate\\Http\\Request))
#61 C:\\Users\\pc\\Documents\\Laravel[WORKSPACE]\
imopay\\vendor\\laravel\\framework\\src\\Illuminate\\Pipeline\\Pipeline.php(163): Fideloper\\Proxy\\TrustProxies->handle(Object(Illuminate\\Http\\Request), Object(Closure))
#62 C:\\Users\\pc\\Documents\\Laravel[WORKSPACE]\
imopay\\vendor\\laravel\\framework\\src\\Illuminate\\Routing\\Pipeline.php(53): Illuminate\\Pipeline\\Pipeline->Illuminate\\Pipeline\\{closure}(Object(Illuminate\\Http\\Request))
#63 C:\\Users\\pc\\Documents\\Laravel[WORKSPACE]\
imopay\\vendor\\laravel\\framework\\src\\Illuminate\\Pipeline\\Pipeline.php(104): Illuminate\\Routing\\Pipeline->Illuminate\\Routing\\{closure}(Object(Illuminate\\Http\\Request))
#64 C:\\Users\\pc\\Documents\\Laravel[WORKSPACE]\
imopay\\vendor\\laravel\\framework\\src\\Illuminate\\Foundation\\Http\\Kernel.php(151): Illuminate\\Pipeline\\Pipeline->then(Object(Closure))
#65 C:\\Users\\pc\\Documents\\Laravel[WORKSPACE]\
imopay\\vendor\\laravel\\framework\\src\\Illuminate\\Foundation\\Http\\Kernel.php(116): Illuminate\\Foundation\\Http\\Kernel->sendRequestThroughRouter(Object(Illuminate\\Http\\Request))
#66 C:\\Users\\pc\\Documents\\Laravel[WORKSPACE]\
imopay\\public\\index.php(55): Illuminate\\Foundation\\Http\\Kernel->handle(Object(Illuminate\\Http\\Request))
#67 C:\\Users\\pc\\Documents\\Laravel[WORKSPACE]\
imopay\\server.php(21): require_once('C:\\\\Users\\\\pc\\\\Doc...')
#68 {main}
"} 
[2022-01-14 13:07:26] prodcution.ERROR: Could not connect to Stripe (https://api.stripe.com/v1/accounts).  Please check your internet connection and try again.  If this problem persists, you should check Stripe's service status at https://twitter.com/stripestatus, or let us know at support@stripe.com.

(Network error [errno 28]: Operation timed out after 30008 milliseconds with 0 out of 0 bytes received) {"userId":6,"exception":"[object] (Stripe\\Exception\\ApiConnectionException(code: 0): Could not connect to Stripe (https://api.stripe.com/v1/accounts).  Please check your internet connection and try again.  If this problem persists, you should check Stripe's service status at https://twitter.com/stripestatus, or let us know at support@stripe.com.

(Network error [errno 28]: Operation timed out after 30008 milliseconds with 0 out of 0 bytes received) at C:\\Users\\pc\\Documents\\Laravel[WORKSPACE]\
imopay\\vendor\\stripe\\stripe-php\\lib\\HttpClient\\CurlClient.php:386)
[stacktrace]
#0 C:\\Users\\pc\\Documents\\Laravel[WORKSPACE]\
imopay\\vendor\\stripe\\stripe-php\\lib\\HttpClient\\CurlClient.php(340): Stripe\\HttpClient\\CurlClient->handleCurlError('https://api.str...', 28, 'Operation timed...', 0)
#1 C:\\Users\\pc\\Documents\\Laravel[WORKSPACE]\
imopay\\vendor\\stripe\\stripe-php\\lib\\HttpClient\\CurlClient.php(274): Stripe\\HttpClient\\CurlClient->executeRequestWithRetries(Array, 'https://api.str...')
#2 C:\\Users\\pc\\Documents\\Laravel[WORKSPACE]\
imopay\\vendor\\stripe\\stripe-php\\lib\\ApiRequestor.php(373): Stripe\\HttpClient\\CurlClient->request('post', 'https://api.str...', Array, Array, false)
#3 C:\\Users\\pc\\Documents\\Laravel[WORKSPACE]\
imopay\\vendor\\stripe\\stripe-php\\lib\\ApiRequestor.php(117): Stripe\\ApiRequestor->_requestRaw('post', '/v1/accounts', Array, Array)
#4 C:\\Users\\pc\\Documents\\Laravel[WORKSPACE]\
imopay\\vendor\\stripe\\stripe-php\\lib\\ApiOperations\\Request.php(63): Stripe\\ApiRequestor->request('post', '/v1/accounts', Array, Array)
#5 C:\\Users\\pc\\Documents\\Laravel[WORKSPACE]\
imopay\\vendor\\stripe\\stripe-php\\lib\\ApiOperations\\Create.php(25): Stripe\\ApiResource::_staticRequest('post', '/v1/accounts', Array, NULL)
#6 C:\\Users\\pc\\Documents\\Laravel[WORKSPACE]\
imopay\\app\\Http\\Controllers\\FinanceController.php(269): Stripe\\Account::create(Array)
#7 [internal function]: App\\Http\\Controllers\\FinanceController->connect()
#8 C:\\Users\\pc\\Documents\\Laravel[WORKSPACE]\
imopay\\vendor\\laravel\\framework\\src\\Illuminate\\Routing\\Controller.php(54): call_user_func_array(Array, Array)
#9 C:\\Users\\pc\\Documents\\Laravel[WORKSPACE]\
imopay\\vendor\\laravel\\framework\\src\\Illuminate\\Routing\\ControllerDispatcher.php(45): Illuminate\\Routing\\Controller->callAction('connect', Array)
#10 C:\\Users\\pc\\Documents\\Laravel[WORKSPACE]\
imopay\\vendor\\laravel\\framework\\src\\Illuminate\\Routing\\Route.php(219): Illuminate\\Routing\\ControllerDispatcher->dispatch(Object(Illuminate\\Routing\\Route), Object(App\\Http\\Controllers\\FinanceController), 'connect')
#11 C:\\Users\\pc\\Documents\\Laravel[WORKSPACE]\
imopay\\vendor\\laravel\\framework\\src\\Illuminate\\Routing\\Route.php(176): Illuminate\\Routing\\Route->runController()
#12 C:\\Users\\pc\\Documents\\Laravel[WORKSPACE]\
imopay\\vendor\\laravel\\framework\\src\\Illuminate\\Routing\\Router.php(680): Illuminate\\Routing\\Route->run()
#13 C:\\Users\\pc\\Documents\\Laravel[WORKSPACE]\
imopay\\vendor\\laravel\\framework\\src\\Illuminate\\Routing\\Pipeline.php(30): Illuminate\\Routing\\Router->Illuminate\\Routing\\{closure}(Object(Illuminate\\Http\\Request))
#14 C:\\Users\\pc\\Documents\\Laravel[WORKSPACE]\
imopay\\vendor\\laravel\\framework\\src\\Illuminate\\Routing\\Middleware\\SubstituteBindings.php(41): Illuminate\\Routing\\Pipeline->Illuminate\\Routing\\{closure}(Object(Illuminate\\Http\\Request))
#15 C:\\Users\\pc\\Documents\\Laravel[WORKSPACE]\
imopay\\vendor\\laravel\\framework\\src\\Illuminate\\Pipeline\\Pipeline.php(163): Illuminate\\Routing\\Middleware\\SubstituteBindings->handle(Object(Illuminate\\Http\\Request), Object(Closure))
#16 C:\\Users\\pc\\Documents\\Laravel[WORKSPACE]\
imopay\\vendor\\laravel\\framework\\src\\Illuminate\\Routing\\Pipeline.php(53): Illuminate\\Pipeline\\Pipeline->Illuminate\\Pipeline\\{closure}(Object(Illuminate\\Http\\Request))
#17 C:\\Users\\pc\\Documents\\Laravel[WORKSPACE]\
imopay\\vendor\\laravel\\framework\\src\\Illuminate\\Auth\\Middleware\\Authenticate.php(43): Illuminate\\Routing\\Pipeline->Illuminate\\Routing\\{closure}(Object(Illuminate\\Http\\Request))
#18 C:\\Users\\pc\\Documents\\Laravel[WORKSPACE]\
imopay\\vendor\\laravel\\framework\\src\\Illuminate\\Pipeline\\Pipeline.php(163): Illuminate\\Auth\\Middleware\\Authenticate->handle(Object(Illuminate\\Http\\Request), Object(Closure))
#19 C:\\Users\\pc\\Documents\\Laravel[WORKSPACE]\
imopay\\vendor\\laravel\\framework\\src\\Illuminate\\Routing\\Pipeline.php(53): Illuminate\\Pipeline\\Pipeline->Illuminate\\Pipeline\\{closure}(Object(Illuminate\\Http\\Request))
#20 C:\\Users\\pc\\Documents\\Laravel[WORKSPACE]\
imopay\\vendor\\laravel\\framework\\src\\Illuminate\\Foundation\\Http\\Middleware\\VerifyCsrfToken.php(75): Illuminate\\Routing\\Pipeline->Illuminate\\Routing\\{closure}(Object(Illuminate\\Http\\Request))
#21 C:\\Users\\pc\\Documents\\Laravel[WORKSPACE]\
imopay\\vendor\\laravel\\framework\\src\\Illuminate\\Pipeline\\Pipeline.php(163): Illuminate\\Foundation\\Http\\Middleware\\VerifyCsrfToken->handle(Object(Illuminate\\Http\\Request), Object(Closure))
#22 C:\\Users\\pc\\Documents\\Laravel[WORKSPACE]\
imopay\\vendor\\laravel\\framework\\src\\Illuminate\\Routing\\Pipeline.php(53): Illuminate\\Pipeline\\Pipeline->Illuminate\\Pipeline\\{closure}(Object(Illuminate\\Http\\Request))
#23 C:\\Users\\pc\\Documents\\Laravel[WORKSPACE]\
imopay\\vendor\\laravel\\framework\\src\\Illuminate\\View\\Middleware\\ShareErrorsFromSession.php(49): Illuminate\\Routing\\Pipeline->Illuminate\\Routing\\{closure}(Object(Illuminate\\Http\\Request))
#24 C:\\Users\\pc\\Documents\\Laravel[WORKSPACE]\
imopay\\vendor\\laravel\\framework\\src\\Illuminate\\Pipeline\\Pipeline.php(163): Illuminate\\View\\Middleware\\ShareErrorsFromSession->handle(Object(Illuminate\\Http\\Request), Object(Closure))
#25 C:\\Users\\pc\\Documents\\Laravel[WORKSPACE]\
imopay\\vendor\\laravel\\framework\\src\\Illuminate\\Routing\\Pipeline.php(53): Illuminate\\Pipeline\\Pipeline->Illuminate\\Pipeline\\{closure}(Object(Illuminate\\Http\\Request))
#26 C:\\Users\\pc\\Documents\\Laravel[WORKSPACE]\
imopay\\app\\Http\\Middleware\\Language.php(31): Illuminate\\Routing\\Pipeline->Illuminate\\Routing\\{closure}(Object(Illuminate\\Http\\Request))
#27 C:\\Users\\pc\\Documents\\Laravel[WORKSPACE]\
imopay\\vendor\\laravel\\framework\\src\\Illuminate\\Pipeline\\Pipeline.php(163): App\\Http\\Middleware\\Language->handle(Object(Illuminate\\Http\\Request), Object(Closure))
#28 C:\\Users\\pc\\Documents\\Laravel[WORKSPACE]\
imopay\\vendor\\laravel\\framework\\src\\Illuminate\\Routing\\Pipeline.php(53): Illuminate\\Pipeline\\Pipeline->Illuminate\\Pipeline\\{closure}(Object(Illuminate\\Http\\Request))
#29 C:\\Users\\pc\\Documents\\Laravel[WORKSPACE]\
imopay\\vendor\\laravel\\framework\\src\\Illuminate\\Session\\Middleware\\StartSession.php(56): Illuminate\\Routing\\Pipeline->Illuminate\\Routing\\{closure}(Object(Illuminate\\Http\\Request))
#30 C:\\Users\\pc\\Documents\\Laravel[WORKSPACE]\
imopay\\vendor\\laravel\\framework\\src\\Illuminate\\Pipeline\\Pipeline.php(163): Illuminate\\Session\\Middleware\\StartSession->handle(Object(Illuminate\\Http\\Request), Object(Closure))
#31 C:\\Users\\pc\\Documents\\Laravel[WORKSPACE]\
imopay\\vendor\\laravel\\framework\\src\\Illuminate\\Routing\\Pipeline.php(53): Illuminate\\Pipeline\\Pipeline->Illuminate\\Pipeline\\{closure}(Object(Illuminate\\Http\\Request))
#32 C:\\Users\\pc\\Documents\\Laravel[WORKSPACE]\
imopay\\vendor\\laravel\\framework\\src\\Illuminate\\Cookie\\Middleware\\AddQueuedCookiesToResponse.php(37): Illuminate\\Routing\\Pipeline->Illuminate\\Routing\\{closure}(Object(Illuminate\\Http\\Request))
#33 C:\\Users\\pc\\Documents\\Laravel[WORKSPACE]\
imopay\\vendor\\laravel\\framework\\src\\Illuminate\\Pipeline\\Pipeline.php(163): Illuminate\\Cookie\\Middleware\\AddQueuedCookiesToResponse->handle(Object(Illuminate\\Http\\Request), Object(Closure))
#34 C:\\Users\\pc\\Documents\\Laravel[WORKSPACE]\
imopay\\vendor\\laravel\\framework\\src\\Illuminate\\Routing\\Pipeline.php(53): Illuminate\\Pipeline\\Pipeline->Illuminate\\Pipeline\\{closure}(Object(Illuminate\\Http\\Request))
#35 C:\\Users\\pc\\Documents\\Laravel[WORKSPACE]\
imopay\\vendor\\laravel\\framework\\src\\Illuminate\\Cookie\\Middleware\\EncryptCookies.php(66): Illuminate\\Routing\\Pipeline->Illuminate\\Routing\\{closure}(Object(Illuminate\\Http\\Request))
#36 C:\\Users\\pc\\Documents\\Laravel[WORKSPACE]\
imopay\\vendor\\laravel\\framework\\src\\Illuminate\\Pipeline\\Pipeline.php(163): Illuminate\\Cookie\\Middleware\\EncryptCookies->handle(Object(Illuminate\\Http\\Request), Object(Closure))
#37 C:\\Users\\pc\\Documents\\Laravel[WORKSPACE]\
imopay\\vendor\\laravel\\framework\\src\\Illuminate\\Routing\\Pipeline.php(53): Illuminate\\Pipeline\\Pipeline->Illuminate\\Pipeline\\{closure}(Object(Illuminate\\Http\\Request))
#38 C:\\Users\\pc\\Documents\\Laravel[WORKSPACE]\
imopay\\vendor\\laravel\\framework\\src\\Illuminate\\Pipeline\\Pipeline.php(104): Illuminate\\Routing\\Pipeline->Illuminate\\Routing\\{closure}(Object(Illuminate\\Http\\Request))
#39 C:\\Users\\pc\\Documents\\Laravel[WORKSPACE]\
imopay\\vendor\\laravel\\framework\\src\\Illuminate\\Routing\\Router.php(682): Illuminate\\Pipeline\\Pipeline->then(Object(Closure))
#40 C:\\Users\\pc\\Documents\\Laravel[WORKSPACE]\
imopay\\vendor\\laravel\\framework\\src\\Illuminate\\Routing\\Router.php(657): Illuminate\\Routing\\Router->runRouteWithinStack(Object(Illuminate\\Routing\\Route), Object(Illuminate\\Http\\Request))
#41 C:\\Users\\pc\\Documents\\Laravel[WORKSPACE]\
imopay\\vendor\\laravel\\framework\\src\\Illuminate\\Routing\\Router.php(623): Illuminate\\Routing\\Router->runRoute(Object(Illuminate\\Http\\Request), Object(Illuminate\\Routing\\Route))
#42 C:\\Users\\pc\\Documents\\Laravel[WORKSPACE]\
imopay\\vendor\\laravel\\framework\\src\\Illuminate\\Routing\\Router.php(612): Illuminate\\Routing\\Router->dispatchToRoute(Object(Illuminate\\Http\\Request))
#43 C:\\Users\\pc\\Documents\\Laravel[WORKSPACE]\
imopay\\vendor\\laravel\\framework\\src\\Illuminate\\Foundation\\Http\\Kernel.php(176): Illuminate\\Routing\\Router->dispatch(Object(Illuminate\\Http\\Request))
#44 C:\\Users\\pc\\Documents\\Laravel[WORKSPACE]\
imopay\\vendor\\laravel\\framework\\src\\Illuminate\\Routing\\Pipeline.php(30): Illuminate\\Foundation\\Http\\Kernel->Illuminate\\Foundation\\Http\\{closure}(Object(Illuminate\\Http\\Request))
#45 C:\\Users\\pc\\Documents\\Laravel[WORKSPACE]\
imopay\\vendor\\barryvdh\\laravel-debugbar\\src\\Middleware\\InjectDebugbar.php(65): Illuminate\\Routing\\Pipeline->Illuminate\\Routing\\{closure}(Object(Illuminate\\Http\\Request))
#46 C:\\Users\\pc\\Documents\\Laravel[WORKSPACE]\
imopay\\vendor\\laravel\\framework\\src\\Illuminate\\Pipeline\\Pipeline.php(163): Barryvdh\\Debugbar\\Middleware\\InjectDebugbar->handle(Object(Illuminate\\Http\\Request), Object(Closure))
#47 C:\\Users\\pc\\Documents\\Laravel[WORKSPACE]\
imopay\\vendor\\laravel\\framework\\src\\Illuminate\\Routing\\Pipeline.php(53): Illuminate\\Pipeline\\Pipeline->Illuminate\\Pipeline\\{closure}(Object(Illuminate\\Http\\Request))
#48 C:\\Users\\pc\\Documents\\Laravel[WORKSPACE]\
imopay\\vendor\\laravel\\framework\\src\\Illuminate\\Foundation\\Http\\Middleware\\TransformsRequest.php(21): Illuminate\\Routing\\Pipeline->Illuminate\\Routing\\{closure}(Object(Illuminate\\Http\\Request))
#49 C:\\Users\\pc\\Documents\\Laravel[WORKSPACE]\
imopay\\vendor\\laravel\\framework\\src\\Illuminate\\Pipeline\\Pipeline.php(163): Illuminate\\Foundation\\Http\\Middleware\\TransformsRequest->handle(Object(Illuminate\\Http\\Request), Object(Closure))
#50 C:\\Users\\pc\\Documents\\Laravel[WORKSPACE]\
imopay\\vendor\\laravel\\framework\\src\\Illuminate\\Routing\\Pipeline.php(53): Illuminate\\Pipeline\\Pipeline->Illuminate\\Pipeline\\{closure}(Object(Illuminate\\Http\\Request))
#51 C:\\Users\\pc\\Documents\\Laravel[WORKSPACE]\
imopay\\vendor\\laravel\\framework\\src\\Illuminate\\Foundation\\Http\\Middleware\\TransformsRequest.php(21): Illuminate\\Routing\\Pipeline->Illuminate\\Routing\\{closure}(Object(Illuminate\\Http\\Request))
#52 C:\\Users\\pc\\Documents\\Laravel[WORKSPACE]\
imopay\\vendor\\laravel\\framework\\src\\Illuminate\\Pipeline\\Pipeline.php(163): Illuminate\\Foundation\\Http\\Middleware\\TransformsRequest->handle(Object(Illuminate\\Http\\Request), Object(Closure))
#53 C:\\Users\\pc\\Documents\\Laravel[WORKSPACE]\
imopay\\vendor\\laravel\\framework\\src\\Illuminate\\Routing\\Pipeline.php(53): Illuminate\\Pipeline\\Pipeline->Illuminate\\Pipeline\\{closure}(Object(Illuminate\\Http\\Request))
#54 C:\\Users\\pc\\Documents\\Laravel[WORKSPACE]\
imopay\\vendor\\laravel\\framework\\src\\Illuminate\\Foundation\\Http\\Middleware\\ValidatePostSize.php(27): Illuminate\\Routing\\Pipeline->Illuminate\\Routing\\{closure}(Object(Illuminate\\Http\\Request))
#55 C:\\Users\\pc\\Documents\\Laravel[WORKSPACE]\
imopay\\vendor\\laravel\\framework\\src\\Illuminate\\Pipeline\\Pipeline.php(163): Illuminate\\Foundation\\Http\\Middleware\\ValidatePostSize->handle(Object(Illuminate\\Http\\Request), Object(Closure))
#56 C:\\Users\\pc\\Documents\\Laravel[WORKSPACE]\
imopay\\vendor\\laravel\\framework\\src\\Illuminate\\Routing\\Pipeline.php(53): Illuminate\\Pipeline\\Pipeline->Illuminate\\Pipeline\\{closure}(Object(Illuminate\\Http\\Request))
#57 C:\\Users\\pc\\Documents\\Laravel[WORKSPACE]\
imopay\\vendor\\laravel\\framework\\src\\Illuminate\\Foundation\\Http\\Middleware\\CheckForMaintenanceMode.php(62): Illuminate\\Routing\\Pipeline->Illuminate\\Routing\\{closure}(Object(Illuminate\\Http\\Request))
#58 C:\\Users\\pc\\Documents\\Laravel[WORKSPACE]\
imopay\\vendor\\laravel\\framework\\src\\Illuminate\\Pipeline\\Pipeline.php(163): Illuminate\\Foundation\\Http\\Middleware\\CheckForMaintenanceMode->handle(Object(Illuminate\\Http\\Request), Object(Closure))
#59 C:\\Users\\pc\\Documents\\Laravel[WORKSPACE]\
imopay\\vendor\\laravel\\framework\\src\\Illuminate\\Routing\\Pipeline.php(53): Illuminate\\Pipeline\\Pipeline->Illuminate\\Pipeline\\{closure}(Object(Illuminate\\Http\\Request))
#60 C:\\Users\\pc\\Documents\\Laravel[WORKSPACE]\
imopay\\vendor\\fideloper\\proxy\\src\\TrustProxies.php(57): Illuminate\\Routing\\Pipeline->Illuminate\\Routing\\{closure}(Object(Illuminate\\Http\\Request))
#61 C:\\Users\\pc\\Documents\\Laravel[WORKSPACE]\
imopay\\vendor\\laravel\\framework\\src\\Illuminate\\Pipeline\\Pipeline.php(163): Fideloper\\Proxy\\TrustProxies->handle(Object(Illuminate\\Http\\Request), Object(Closure))
#62 C:\\Users\\pc\\Documents\\Laravel[WORKSPACE]\
imopay\\vendor\\laravel\\framework\\src\\Illuminate\\Routing\\Pipeline.php(53): Illuminate\\Pipeline\\Pipeline->Illuminate\\Pipeline\\{closure}(Object(Illuminate\\Http\\Request))
#63 C:\\Users\\pc\\Documents\\Laravel[WORKSPACE]\
imopay\\vendor\\laravel\\framework\\src\\Illuminate\\Pipeline\\Pipeline.php(104): Illuminate\\Routing\\Pipeline->Illuminate\\Routing\\{closure}(Object(Illuminate\\Http\\Request))
#64 C:\\Users\\pc\\Documents\\Laravel[WORKSPACE]\
imopay\\vendor\\laravel\\framework\\src\\Illuminate\\Foundation\\Http\\Kernel.php(151): Illuminate\\Pipeline\\Pipeline->then(Object(Closure))
#65 C:\\Users\\pc\\Documents\\Laravel[WORKSPACE]\
imopay\\vendor\\laravel\\framework\\src\\Illuminate\\Foundation\\Http\\Kernel.php(116): Illuminate\\Foundation\\Http\\Kernel->sendRequestThroughRouter(Object(Illuminate\\Http\\Request))
#66 C:\\Users\\pc\\Documents\\Laravel[WORKSPACE]\
imopay\\public\\index.php(55): Illuminate\\Foundation\\Http\\Kernel->handle(Object(Illuminate\\Http\\Request))
#67 C:\\Users\\pc\\Documents\\Laravel[WORKSPACE]\
imopay\\server.php(21): require_once('C:\\\\Users\\\\pc\\\\Doc...')
#68 {main}
"} 
