[2022-01-27 10:12:56] prodcution.ERROR: Maximum execution time of 60 seconds exceeded {"exception":"[object] (Symfony\\Component\\Debug\\Exception\\FatalErrorException(code: 1): Maximum execution time of 60 seconds exceeded at C:\\Users\\pc\\Documents\\Laravel[WORKSPACE]\
imopay\\vendor\\berkayk\\onesignal-laravel\\config\\onesignal.php:11)
[stacktrace]
#0 {main}
"} 
[2022-01-27 12:58:56] prodcution.ERROR: Maximum execution time of 60 seconds exceeded {"exception":"[object] (Symfony\\Component\\Debug\\Exception\\FatalErrorException(code: 1): Maximum execution time of 60 seconds exceeded at C:\\Users\\pc\\Documents\\Laravel[WORKSPACE]\
imopay\\vendor\\laravel\\framework\\src\\Illuminate\\Database\\ConnectionResolverInterface.php:30)
[stacktrace]
#0 {main}
"} 
[2022-01-27 13:07:47] prodcution.ERROR: Maximum execution time of 60 seconds exceeded {"exception":"[object] (Symfony\\Component\\Debug\\Exception\\FatalErrorException(code: 1): Maximum execution time of 60 seconds exceeded at C:\\Users\\pc\\Documents\\Laravel[WORKSPACE]\
imopay\\vendor\
esbot\\carbon\\src\\Carbon\\Traits\\Converter.php:641)
[stacktrace]
#0 {main}
"} 
[2022-01-27 13:08:51] prodcution.ERROR: Maximum execution time of 60 seconds exceeded {"exception":"[object] (Symfony\\Component\\Debug\\Exception\\FatalErrorException(code: 1): Maximum execution time of 60 seconds exceeded at C:\\Users\\pc\\Documents\\Laravel[WORKSPACE]\
imopay\\vendor\\swiftmailer\\swiftmailer\\lib\\classes\\Swift.php:50)
[stacktrace]
#0 {main}
"} 
